[debug] [2023-04-19T15:01:53.955Z] ----------------------------------------------------------------------
[debug] [2023-04-19T15:01:53.958Z] Command:       C:\Program Files\nodejs\node.exe C:\Users\MRabbit\AppData\Roaming\npm\node_modules\firebase-tools\lib\bin\firebase.js init
[debug] [2023-04-19T15:01:53.958Z] CLI Version:   11.28.0
[debug] [2023-04-19T15:01:53.958Z] Platform:      win32
[debug] [2023-04-19T15:01:53.958Z] Node Version:  v19.4.0
[debug] [2023-04-19T15:01:53.958Z] Time:          Wed Apr 19 2023 17:01:53 GMT+0200 (stredoeurópsky letný čas)
[debug] [2023-04-19T15:01:53.959Z] ----------------------------------------------------------------------
[debug] 
[debug] [2023-04-19T15:01:54.011Z] > command requires scopes: ["email","openid","https://www.googleapis.com/auth/cloudplatformprojects.readonly","https://www.googleapis.com/auth/firebase","https://www.googleapis.com/auth/cloud-platform"]
[debug] [2023-04-19T15:01:54.011Z] > authorizing via signed-in user (matusskor@gmail.com)
[info] 
     ######## #### ########  ######## ########     ###     ######  ########
     ##        ##  ##     ## ##       ##     ##  ##   ##  ##       ##
     ######    ##  ########  ######   ########  #########  ######  ######
     ##        ##  ##    ##  ##       ##     ## ##     ##       ## ##
     ##       #### ##     ## ######## ########  ##     ##  ######  ########

You're about to initialize a Firebase project in this directory:

  C:\Users\MRabbit\Desktop\projekt_SOC_Skor

Before we get started, keep in mind:

  * You are initializing within an existing Firebase project directory

[info] 
=== Project Setup
[info] 
[info] First, let's associate this project directory with a Firebase project.
[info] You can create multiple project aliases by running firebase use --add, 
[info] but for now we'll just set up a default project.
[info] 
[debug] [2023-04-19T15:02:11.417Z] Using project from CLI flag: bilza-8760c
[debug] [2023-04-19T15:02:11.418Z] > refreshing access token with scopes: []
[debug] [2023-04-19T15:02:11.419Z] >>> [apiv2][query] POST https://www.googleapis.com/oauth2/v3/token [none]
[debug] [2023-04-19T15:02:11.419Z] >>> [apiv2][body] POST https://www.googleapis.com/oauth2/v3/token [omitted]
[debug] [2023-04-19T15:02:11.617Z] <<< [apiv2][status] POST https://www.googleapis.com/oauth2/v3/token 200
[debug] [2023-04-19T15:02:11.617Z] <<< [apiv2][body] POST https://www.googleapis.com/oauth2/v3/token [omitted]
[debug] [2023-04-19T15:02:11.622Z] >>> [apiv2][query] GET https://firebase.googleapis.com/v1beta1/projects/bilza-8760c [none]
[debug] [2023-04-19T15:02:12.003Z] <<< [apiv2][status] GET https://firebase.googleapis.com/v1beta1/projects/bilza-8760c 200
[debug] [2023-04-19T15:02:12.004Z] <<< [apiv2][body] GET https://firebase.googleapis.com/v1beta1/projects/bilza-8760c {"projectId":"bilza-8760c","projectNumber":"367213897697","displayName":"Bilza","name":"projects/bilza-8760c","resources":{"hostingSite":"bilza-8760c","realtimeDatabaseInstance":"bilza-8760c-default-rtdb","storageBucket":"bilza-8760c.appspot.com","locationId":"europe-central2"},"state":"ACTIVE","etag":"1_7d3e6268-7365-4171-9027-2c2f8a9663cc"}
[info] i  Using project bilza-8760c (Bilza) 
[info] 
=== Hosting Setup
[info] 
[info] Your public directory is the folder (relative to your project directory) that
[info] will contain Hosting assets to be uploaded with firebase deploy. If you
[info] have a build process for your assets, use your build's output directory.
[info] 
