[debug] [2023-04-19T15:01:53.955Z] ----------------------------------------------------------------------
[debug] [2023-04-19T15:01:53.958Z] Command:       C:\Program Files\nodejs\node.exe C:\Users\MRabbit\AppData\Roaming\npm\node_modules\firebase-tools\lib\bin\firebase.js init
[debug] [2023-04-19T15:01:53.958Z] CLI Version:   11.28.0
[debug] [2023-04-19T15:01:53.958Z] Platform:      win32
[debug] [2023-04-19T15:01:53.958Z] Node Version:  v19.4.0
[debug] [2023-04-19T15:01:53.958Z] Time:          Wed Apr 19 2023 17:01:53 GMT+0200 (stredoeurópsky letný čas)
[debug] [2023-04-19T15:01:53.959Z] ----------------------------------------------------------------------
[debug] 
[debug] [2023-04-19T15:01:54.011Z] > command requires scopes: ["email","openid","https://www.googleapis.com/auth/cloudplatformprojects.readonly","https://www.googleapis.com/auth/firebase","https://www.googleapis.com/auth/cloud-platform"]
[debug] [2023-04-19T15:01:54.011Z] > authorizing via signed-in user (matusskor@gmail.com)
[info] 
     ######## #### ########  ######## ########     ###     ######  ########
     ##        ##  ##     ## ##       ##     ##  ##   ##  ##       ##
     ######    ##  ########  ######   ########  #########  ######  ######
     ##        ##  ##    ##  ##       ##     ## ##     ##       ## ##
     ##       #### ##     ## ######## ########  ##     ##  ######  ########

You're about to initialize a Firebase project in this directory:

  C:\Users\MRabbit\Desktop\projekt_SOC_Skor

Before we get started, keep in mind:

  * You are initializing within an existing Firebase project directory

[info] 
=== Project Setup
[info] 
[info] First, let's associate this project directory with a Firebase project.
[info] You can create multiple project aliases by running firebase use --add, 
[info] but for now we'll just set up a default project.
[info] 
[debug] [2023-04-19T15:02:11.417Z] Using project from CLI flag: bilza-8760c
[debug] [2023-04-19T15:02:11.418Z] > refreshing access token with scopes: []
[debug] [2023-04-19T15:02:11.419Z] >>> [apiv2][query] POST https://www.googleapis.com/oauth2/v3/token [none]
[debug] [2023-04-19T15:02:11.419Z] >>> [apiv2][body] POST https://www.googleapis.com/oauth2/v3/token [omitted]
[debug] [2023-04-19T15:02:11.617Z] <<< [apiv2][status] POST https://www.googleapis.com/oauth2/v3/token 200
[debug] [2023-04-19T15:02:11.617Z] <<< [apiv2][body] POST https://www.googleapis.com/oauth2/v3/token [omitted]
[debug] [2023-04-19T15:02:11.622Z] >>> [apiv2][query] GET https://firebase.googleapis.com/v1beta1/projects/bilza-8760c [none]
[debug] [2023-04-19T15:02:12.003Z] <<< [apiv2][status] GET https://firebase.googleapis.com/v1beta1/projects/bilza-8760c 200
[debug] [2023-04-19T15:02:12.004Z] <<< [apiv2][body] GET https://firebase.googleapis.com/v1beta1/projects/bilza-8760c {"projectId":"bilza-8760c","projectNumber":"367213897697","displayName":"Bilza","name":"projects/bilza-8760c","resources":{"hostingSite":"bilza-8760c","realtimeDatabaseInstance":"bilza-8760c-default-rtdb","storageBucket":"bilza-8760c.appspot.com","locationId":"europe-central2"},"state":"ACTIVE","etag":"1_7d3e6268-7365-4171-9027-2c2f8a9663cc"}
[info] i  Using project bilza-8760c (Bilza) 
[info] 
=== Hosting Setup
[info] 
[info] Your public directory is the folder (relative to your project directory) that
[info] will contain Hosting assets to be uploaded with firebase deploy. If you
[info] have a build process for your assets, use your build's output directory.
[info] 
[debug] [2023-04-19T15:12:49.096Z] ----------------------------------------------------------------------
[debug] [2023-04-19T15:12:49.097Z] Command:       C:\Program Files\nodejs\node.exe C:\Users\MRabbit\AppData\Roaming\npm\node_modules\firebase-tools\lib\bin\firebase.js emulators:start
[debug] [2023-04-19T15:12:49.098Z] CLI Version:   11.28.0
[debug] [2023-04-19T15:12:49.098Z] Platform:      win32
[debug] [2023-04-19T15:12:49.098Z] Node Version:  v19.4.0
[debug] [2023-04-19T15:12:49.098Z] Time:          Wed Apr 19 2023 17:12:49 GMT+0200 (stredoeurópsky letný čas)
[debug] [2023-04-19T15:12:49.098Z] ----------------------------------------------------------------------
[debug] 
[debug] [2023-04-19T15:12:49.147Z] > command requires scopes: ["email","openid","https://www.googleapis.com/auth/cloudplatformprojects.readonly","https://www.googleapis.com/auth/firebase","https://www.googleapis.com/auth/cloud-platform"]
[debug] [2023-04-19T15:12:49.147Z] > authorizing via signed-in user (matusskor@gmail.com)
[info] i  emulators: Starting emulators: functions, hosting {"metadata":{"emulator":{"name":"hub"},"message":"Starting emulators: functions, hosting"}}
[debug] [2023-04-19T15:12:49.158Z] [logging] Logging Emulator only supports listening on one address (127.0.0.1). Not listening on ::1
[debug] [2023-04-19T15:12:49.159Z] [hosting] Hosting Emulator only supports listening on one address (127.0.0.1). Not listening on ::1
[debug] [2023-04-19T15:12:49.159Z] assigned listening specs for emulators {"user":{"hub":[{"address":"127.0.0.1","family":"IPv4","port":4400},{"address":"::1","family":"IPv6","port":4400}],"ui":[{"address":"127.0.0.1","family":"IPv4","port":4000},{"address":"::1","family":"IPv6","port":4000}],"logging":[{"address":"127.0.0.1","family":"IPv4","port":4500}],"hosting":[{"address":"127.0.0.1","family":"IPv4","port":5000}]},"metadata":{"message":"assigned listening specs for emulators"}}
[debug] [2023-04-19T15:12:49.162Z] [hub] writing locator at C:\Users\MRabbit\AppData\Local\Temp\hub-bilza-8760c.json
[debug] [2023-04-19T15:12:49.175Z] [functions] Functions Emulator only supports listening on one address (127.0.0.1). Not listening on ::1
[debug] [2023-04-19T15:12:49.176Z] [eventarc] Eventarc Emulator only supports listening on one address (127.0.0.1). Not listening on ::1
[debug] [2023-04-19T15:12:49.176Z] late-assigned ports for functions and eventarc emulators {"user":{"hub":[{"address":"127.0.0.1","family":"IPv4","port":4400},{"address":"::1","family":"IPv6","port":4400}],"ui":[{"address":"127.0.0.1","family":"IPv4","port":4000},{"address":"::1","family":"IPv6","port":4000}],"logging":[{"address":"127.0.0.1","family":"IPv4","port":4500}],"hosting":[{"address":"127.0.0.1","family":"IPv4","port":5000}],"functions":[{"address":"127.0.0.1","family":"IPv4","port":5001}],"eventarc":[{"address":"127.0.0.1","family":"IPv4","port":9299}]},"metadata":{"message":"late-assigned ports for functions and eventarc emulators"}}
[warn] !  functions: The following emulators are not running, calls to these services from the Functions emulator will affect production: auth, firestore, database, pubsub, storage {"metadata":{"emulator":{"name":"functions"},"message":"The following emulators are not running, calls to these services from the Functions emulator will affect production: \u001b[1mauth, firestore, database, pubsub, storage\u001b[22m"}}
[debug] [2023-04-19T15:12:49.178Z] defaultcredentials: writing to file C:\Users\MRabbit\AppData\Roaming\firebase\matusskor_gmail_com_application_default_credentials.json
[debug] [2023-04-19T15:12:49.186Z] Setting GAC to C:\Users\MRabbit\AppData\Roaming\firebase\matusskor_gmail_com_application_default_credentials.json {"metadata":{"emulator":{"name":"functions"},"message":"Setting GAC to C:\\Users\\MRabbit\\AppData\\Roaming\\firebase\\matusskor_gmail_com_application_default_credentials.json"}}
[debug] [2023-04-19T15:12:49.188Z] >>> [apiv2][query] GET https://firebase.googleapis.com/v1beta1/projects/bilza-8760c/adminSdkConfig [none]
[debug] [2023-04-19T15:12:49.531Z] <<< [apiv2][status] GET https://firebase.googleapis.com/v1beta1/projects/bilza-8760c/adminSdkConfig 200
[debug] [2023-04-19T15:12:49.531Z] <<< [apiv2][body] GET https://firebase.googleapis.com/v1beta1/projects/bilza-8760c/adminSdkConfig {"projectId":"bilza-8760c","databaseURL":"https://bilza-8760c-default-rtdb.europe-west1.firebasedatabase.app","storageBucket":"bilza-8760c.appspot.com","locationId":"europe-central2"}
[debug] [2023-04-19T15:12:49.539Z] >>> [apiv2][query] GET https://firebasehosting.googleapis.com/v1beta1/projects/bilza-8760c/sites 
[debug] [2023-04-19T15:12:50.075Z] <<< [apiv2][status] GET https://firebasehosting.googleapis.com/v1beta1/projects/bilza-8760c/sites 200
[debug] [2023-04-19T15:12:50.075Z] <<< [apiv2][body] GET https://firebasehosting.googleapis.com/v1beta1/projects/bilza-8760c/sites {"sites":[{"name":"projects/bilza-8760c/sites/bilza-8760c","defaultUrl":"https://bilza-8760c.web.app","type":"DEFAULT_SITE"}]}
[debug] [2023-04-19T15:12:50.075Z] >>> [apiv2][query] GET https://firebase.googleapis.com/v1beta1/projects/bilza-8760c/webApps/-/config [none]
[debug] [2023-04-19T15:12:50.548Z] <<< [apiv2][status] GET https://firebase.googleapis.com/v1beta1/projects/bilza-8760c/webApps/-/config 200
[debug] [2023-04-19T15:12:50.548Z] <<< [apiv2][body] GET https://firebase.googleapis.com/v1beta1/projects/bilza-8760c/webApps/-/config {"projectId":"bilza-8760c","databaseURL":"https://bilza-8760c-default-rtdb.europe-west1.firebasedatabase.app","storageBucket":"bilza-8760c.appspot.com","locationId":"europe-central2","apiKey":"AIzaSyClmLHHI40s5L-VUY8h-TK0Su7zj6mmK44","authDomain":"bilza-8760c.firebaseapp.com","messagingSenderId":"367213897697"}
[debug] [2023-04-19T15:12:50.563Z] >>> [apiv2][query] GET https://firebase.googleapis.com/v1beta1/projects/bilza-8760c [none]
[debug] [2023-04-19T15:12:50.792Z] <<< [apiv2][status] GET https://firebase.googleapis.com/v1beta1/projects/bilza-8760c 200
[debug] [2023-04-19T15:12:50.792Z] <<< [apiv2][body] GET https://firebase.googleapis.com/v1beta1/projects/bilza-8760c {"projectId":"bilza-8760c","projectNumber":"367213897697","displayName":"Bilza","name":"projects/bilza-8760c","resources":{"hostingSite":"bilza-8760c","realtimeDatabaseInstance":"bilza-8760c-default-rtdb","storageBucket":"bilza-8760c.appspot.com","locationId":"europe-central2"},"state":"ACTIVE","etag":"1_7d3e6268-7365-4171-9027-2c2f8a9663cc"}
[info] i  hosting[bilza-8760c]: Serving hosting files from: y {"metadata":{"emulator":{"name":"hosting"},"message":"Serving hosting files from: \u001b[1my\u001b[22m"}}
[info] +  hosting[bilza-8760c]: Local server: http://127.0.0.1:5000 {"metadata":{"emulator":{"name":"hosting"},"message":"Local server: \u001b[4m\u001b[1mhttp://127.0.0.1:5000\u001b[22m\u001b[24m"}}
[info] i  ui: downloading ui-v1.11.5.zip... {"metadata":{"emulator":{"name":"ui"},"message":"downloading ui-v1.11.5.zip..."}}
[debug] [2023-04-19T15:12:50.808Z] >>> [apiv2][query] GET https://storage.googleapis.com/firebase-preview-drop/emulator/ui-v1.11.5.zip 
[debug] [2023-04-19T15:12:50.920Z] <<< [apiv2][status] GET https://storage.googleapis.com/firebase-preview-drop/emulator/ui-v1.11.5.zip 200
[debug] [2023-04-19T15:12:50.920Z] <<< [apiv2][body] GET https://storage.googleapis.com/firebase-preview-drop/emulator/ui-v1.11.5.zip [stream]
[debug] [2023-04-19T15:12:53.598Z] Ignoring unsupported arg: auto_download {"metadata":{"emulator":{"name":"ui"},"message":"Ignoring unsupported arg: auto_download"}}
[debug] [2023-04-19T15:12:53.598Z] Ignoring unsupported arg: port {"metadata":{"emulator":{"name":"ui"},"message":"Ignoring unsupported arg: port"}}
[debug] [2023-04-19T15:12:53.598Z] Starting Emulator UI with command {"binary":"node","args":["C:\\Users\\MRabbit\\.cache\\firebase\\emulators\\ui-v1.11.5\\server\\server.js"],"optionalArgs":[],"joinArgs":false} {"metadata":{"emulator":{"name":"ui"},"message":"Starting Emulator UI with command {\"binary\":\"node\",\"args\":[\"C:\\\\Users\\\\MRabbit\\\\.cache\\\\firebase\\\\emulators\\\\ui-v1.11.5\\\\server\\\\server.js\"],\"optionalArgs\":[],\"joinArgs\":false}"}}
[info] i  ui: Emulator UI logging to ui-debug.log {"metadata":{"emulator":{"name":"ui"},"message":"Emulator UI logging to \u001b[1mui-debug.log\u001b[22m"}}
[debug] [2023-04-19T15:12:53.685Z] Web / API server started at 127.0.0.1:4000
 {"metadata":{"emulator":{"name":"ui"},"message":"Web / API server started at 127.0.0.1:4000\n"}}
[debug] [2023-04-19T15:12:53.685Z] Web / API server started at ::1:4000
 {"metadata":{"emulator":{"name":"ui"},"message":"Web / API server started at ::1:4000\n"}}
[info] i  functions: Watching "C:\Users\MRabbit\Desktop\projekt_SOC_Skor\functions" for Cloud Functions... {"metadata":{"emulator":{"name":"functions"},"message":"Watching \"C:\\Users\\MRabbit\\Desktop\\projekt_SOC_Skor\\functions\" for Cloud Functions..."}}
[debug] [2023-04-19T15:12:53.867Z] Validating nodejs source
[warn] !  functions: package.json indicates an outdated version of firebase-functions. Please upgrade using npm install --save firebase-functions@latest in your functions directory. 
[debug] [2023-04-19T15:12:54.974Z] > [functions] package.json contents: {
  "name": "functions",
  "description": "Cloud Functions for Firebase",
  "scripts": {
    "lint": "eslint .",
    "serve": "firebase emulators:start --only functions",
    "shell": "firebase functions:shell",
    "start": "npm run shell",
    "deploy": "firebase deploy --only functions",
    "logs": "firebase functions:log"
  },
  "engines": {
    "node": "16"
  },
  "main": "index.js",
  "dependencies": {
    "cors": "^2.8.5",
    "firebase-admin": "^11.5.0",
    "firebase-functions": "^4.2.1",
    "nodemailer": "^6.9.1"
  },
  "devDependencies": {
    "eslint": "^8.15.0",
    "eslint-config-google": "^0.14.0",
    "firebase-functions-test": "^3.0.0"
  },
  "private": true
}
[debug] [2023-04-19T15:12:54.975Z] Building nodejs source
[debug] [2023-04-19T15:12:54.975Z] Failed to find version of module node: reached end of search path C:\Users\MRabbit\Desktop\projekt_SOC_Skor\functions\node_modules
[warn] !  functions: Your requested "node" version "16" doesn't match your global version "19". Using node@19 from host. 
[debug] [2023-04-19T15:12:54.977Z] Could not find functions.yaml. Must use http discovery
[debug] [2023-04-19T15:12:54.983Z] Found firebase-functions binary at 'C:\Users\MRabbit\Desktop\projekt_SOC_Skor\functions\node_modules\.bin\firebase-functions'
[debug] [2023-04-19T15:12:55.156Z] Serving at port 8095

[debug] [2023-04-19T15:12:55.400Z] Got response from /__/functions.yaml {"endpoints":{"sendE":{"platform":"gcfv1","availableMemoryMb":null,"timeoutSeconds":null,"minInstances":null,"maxInstances":null,"ingressSettings":null,"serviceAccountEmail":null,"vpc":null,"region":["europe-west1"],"httpsTrigger":{},"entryPoint":"sendE"}},"specVersion":"v1alpha1","requiredAPIs":[]}
[debug] [2023-04-19T15:12:55.405Z] shutdown requested via /__/quitquitquit

[info] +  functions: Loaded functions definitions from source: sendE. {"metadata":{"emulator":{"name":"functions"},"message":"Loaded functions definitions from source: sendE."}}
[info] +  functions[europe-west1-sendE]: http function initialized (http://127.0.0.1:5001/bilza-8760c/europe-west1/sendE). {"metadata":{"emulator":{"name":"functions"},"message":"\u001b[1mhttp\u001b[22m function initialized (http://127.0.0.1:5001/bilza-8760c/europe-west1/sendE)."}}
[info] 
┌─────────────────────────────────────────────────────────────┐
│ ✔  All emulators ready! It is now safe to connect your app. │
│ i  View Emulator UI at http://127.0.0.1:4000/               │
└─────────────────────────────────────────────────────────────┘

┌───────────┬────────────────┬─────────────────────────────────┐
│ Emulator  │ Host:Port      │ View in Emulator UI             │
├───────────┼────────────────┼─────────────────────────────────┤
│ Functions │ 127.0.0.1:5001 │ http://127.0.0.1:4000/functions │
├───────────┼────────────────┼─────────────────────────────────┤
│ Hosting   │ 127.0.0.1:5000 │ n/a                             │
└───────────┴────────────────┴─────────────────────────────────┘
  Emulator Hub running at 127.0.0.1:4400
  Other reserved ports: 4500

Issues? Report them at https://github.com/firebase/firebase-tools/issues and attach the *-debug.log files.
 
